<?xml version="1.0" encoding="UTF-8"?>
<testng-results ignored="0" total="3" passed="3" failed="0" skipped="0">
  <reporter-output>
  </reporter-output>
  <suite started-at="2023-04-12T11:49:45 IST" name="Default suite" finished-at="2023-04-12T11:49:45 IST" duration-ms="55">
    <groups>
    </groups>
    <test started-at="2023-04-12T11:49:45 IST" name="Default test" finished-at="2023-04-12T11:49:45 IST" duration-ms="55">
      <class name="wcsmdemo.Demo">
        <test-method signature="demo()[pri:0, instance:wcsmdemo.Demo@5dd6264]" started-at="2023-04-12T11:49:45 IST" name="demo" finished-at="2023-04-12T11:49:45 IST" duration-ms="13" status="PASS">
          <reporter-output>
          </reporter-output>
        </test-method> <!-- demo -->
        <test-method signature="demo2()[pri:0, instance:wcsmdemo.Demo@5dd6264]" started-at="2023-04-12T11:49:45 IST" name="demo2" finished-at="2023-04-12T11:49:45 IST" duration-ms="1" status="PASS">
          <reporter-output>
          </reporter-output>
        </test-method> <!-- demo2 -->
        <test-method signature="demo3()[pri:0, instance:wcsmdemo.Demo@5dd6264]" started-at="2023-04-12T11:49:45 IST" name="demo3" finished-at="2023-04-12T11:49:45 IST" duration-ms="1" status="PASS">
          <reporter-output>
          </reporter-output>
        </test-method> <!-- demo3 -->
      </class> <!-- wcsmdemo.Demo -->
    </test> <!-- Default test -->
  </suite> <!-- Default suite -->
</testng-results>
