<?xml version="1.0" encoding="UTF-8"?>
<testng-results ignored="0" total="2" passed="2" failed="0" skipped="0">
  <reporter-output>
  </reporter-output>
  <suite started-at="2023-04-12T11:37:05 IST" name="Default suite" finished-at="2023-04-12T11:37:05 IST" duration-ms="48">
    <groups>
    </groups>
    <test started-at="2023-04-12T11:37:05 IST" name="Default test" finished-at="2023-04-12T11:37:05 IST" duration-ms="48">
      <class name="wcsmdemo.Demo">
        <test-method signature="demo()[pri:0, instance:wcsmdemo.Demo@78aab498]" started-at="2023-04-12T11:37:05 IST" name="demo" finished-at="2023-04-12T11:37:05 IST" duration-ms="12" status="PASS">
          <reporter-output>
          </reporter-output>
        </test-method> <!-- demo -->
        <test-method signature="demo2()[pri:0, instance:wcsmdemo.Demo@78aab498]" started-at="2023-04-12T11:37:05 IST" name="demo2" finished-at="2023-04-12T11:37:05 IST" duration-ms="2" status="PASS">
          <reporter-output>
          </reporter-output>
        </test-method> <!-- demo2 -->
      </class> <!-- wcsmdemo.Demo -->
    </test> <!-- Default test -->
  </suite> <!-- Default suite -->
</testng-results>
